[Log] 2023-04-12 21:35:59: [Lund] Initiated
[Log] 2023-04-12 21:35:59: [Dnul] Initiated
[Log] 2023-04-12 21:35:59: [0][TemplateMovable(Clone)] Tier changed to Platoon
[Log] 2023-04-12 21:35:59: [0][1] Name changed to 1
[Log] 2023-04-12 21:35:59: [0][1] Initiated
[Log] 2023-04-12 21:35:59: [0][1] Adding Equipment | 1 T-55A (M)
[Log] 2023-04-12 21:35:59: [0][1] Adding Equipment | 1 T-55A (M)
[Log] 2023-04-12 21:35:59: [0][1] Adding Equipment | 1 ZSU-23-4
[Log] 2023-04-12 21:35:59: [0][1] Adding Equipment | 1 T-55A (M)
[Log] 2023-04-12 21:35:59: [0][1] Adding Equipment | 1 ZSU-23-4
[Log] 2023-04-12 21:35:59: [0][1] Adding Equipment | 1 BTR-152 (I)
[Log] 2023-04-12 21:35:59: [1][TemplateMovable(Clone)] Tier changed to Platoon
[Log] 2023-04-12 21:35:59: [1][2] Name changed to 2
[Log] 2023-04-12 21:35:59: [1][2] Initiated
[Log] 2023-04-12 21:35:59: [1][2] Specialization changed | A
[Log] 2023-04-12 21:35:59: [1][2] Affiliation changed
[Log] 2023-04-12 21:35:59: [1][2] Adding Equipment | 10 MiG-21F-13
[Log] 2023-04-12 21:35:59: [2][TemplateMovable(Clone)] Tier changed to Platoon
[Log] 2023-04-12 21:35:59: [2][3] Name changed to 3
[Log] 2023-04-12 21:35:59: [2][3] Initiated
[Log] 2023-04-12 21:35:59: [2][3] Adding Equipment | 1 Gearing Class
[Log] 2023-04-12 21:35:59: [2][3] Adding Equipment | 1 Gearing Class
[Log] 2023-04-12 21:35:59: [2][3] Adding Equipment | 1 Koln Class
[Log] 2023-04-12 21:35:59: Server data loaded!
[Exception] 2023-04-12 21:36:41: NullReferenceException: Object reference not set to an instance of an object
